2016-01-31 22:01:11		Create Unique Id wpadm_method__local_backup__56ae84279aa01
2016-01-31 22:01:11		Start Backup process...
2016-01-31 22:01:11		Creating Database Dump
2016-01-31 22:01:11		Optimize Database Tables
2016-01-31 22:01:12		Optimize Database Tables was started
2016-01-31 22:01:12		Optimize Table `wp_commentmeta` was successfully
2016-01-31 22:01:12		Optimize Table `wp_comments` was successfully
2016-01-31 22:01:12		Optimize Table `wp_links` was successfully
2016-01-31 22:01:12		Optimize Table `wp_new_royalsliders` was successfully
2016-01-31 22:01:12		Optimize Table `wp_options` was successfully
2016-01-31 22:01:12		Optimize Table `wp_postmeta` was successfully
2016-01-31 22:01:12		Optimize Table `wp_posts` was successfully
2016-01-31 22:01:12		Optimize Table `wp_revslider_css` was successfully
2016-01-31 22:01:12		Optimize Table `wp_revslider_layer_animations` was successfully
2016-01-31 22:01:12		Optimize Table `wp_revslider_settings` was successfully
2016-01-31 22:01:12		Optimize Table `wp_revslider_sliders` was successfully
2016-01-31 22:01:12		Optimize Table `wp_revslider_slides` was successfully
2016-01-31 22:01:12		Optimize Table `wp_revslider_static_slides` was successfully
2016-01-31 22:01:12		Optimize Table `wp_term_relationships` was successfully
2016-01-31 22:01:12		Optimize Table `wp_term_taxonomy` was successfully
2016-01-31 22:01:12		Optimize Table `wp_terms` was successfully
2016-01-31 22:01:12		Optimize Table `wp_uam_accessgroup_to_object` was successfully
2016-01-31 22:01:12		Optimize Table `wp_uam_accessgroups` was successfully
2016-01-31 22:01:12		Optimize Table `wp_usermeta` was successfully
2016-01-31 22:01:12		Optimize Table `wp_users` was successfully
2016-01-31 22:01:12		Optimize Table `wp_woocommerce_api_keys` was successfully
2016-01-31 22:01:12		Optimize Table `wp_woocommerce_attribute_taxonomies` was successfully
2016-01-31 22:01:12		Optimize Table `wp_woocommerce_downloadable_product_permissions` was successfully
2016-01-31 22:01:12		Optimize Table `wp_woocommerce_order_itemmeta` was successfully
2016-01-31 22:01:12		Optimize Table `wp_woocommerce_order_items` was successfully
2016-01-31 22:01:12		Optimize Table `wp_woocommerce_tax_rate_locations` was successfully
2016-01-31 22:01:12		Optimize Table `wp_woocommerce_tax_rates` was successfully
2016-01-31 22:01:12		Optimize Table `wp_woocommerce_termmeta` was successfully
2016-01-31 22:01:12		Optimize Database Tables was Finished
2016-01-31 22:01:12		MySQL of Dump was started
2016-01-31 22:01:12		Add a table "wp_commentmeta" in the database dump
2016-01-31 22:01:12		Add a table rows "wp_commentmeta" in the database dump from 9 to 1000
2016-01-31 22:01:12		Add a table "wp_comments" in the database dump
2016-01-31 22:01:12		Add a table rows "wp_comments" in the database dump from 14 to 1000
2016-01-31 22:01:12		Add a table "wp_links" in the database dump
2016-01-31 22:01:12		Add a table "wp_new_royalsliders" in the database dump
2016-01-31 22:01:12		Add a table rows "wp_new_royalsliders" in the database dump from 2 to 1000
2016-01-31 22:01:12		Add a table "wp_options" in the database dump
2016-01-31 22:01:14		Add a table rows "wp_options" in the database dump from 411 to 1000
2016-01-31 22:01:14		Add a table "wp_postmeta" in the database dump
2016-01-31 22:01:17		Add a table rows "wp_postmeta" in the database dump from 1000 to 1000
2016-01-31 22:01:19		Add a table rows "wp_postmeta" in the database dump from 1502 to 1000
2016-01-31 22:01:19		Add a table "wp_posts" in the database dump
2016-01-31 22:01:20		Add a table rows "wp_posts" in the database dump from 482 to 1000
2016-01-31 22:01:20		Add a table "wp_revslider_css" in the database dump
2016-01-31 22:01:20		Add a table rows "wp_revslider_css" in the database dump from 47 to 1000
2016-01-31 22:01:20		Add a table "wp_revslider_layer_animations" in the database dump
2016-01-31 22:01:20		Add a table "wp_revslider_settings" in the database dump
2016-01-31 22:01:20		Add a table rows "wp_revslider_settings" in the database dump from 1 to 1000
2016-01-31 22:01:20		Add a table "wp_revslider_sliders" in the database dump
2016-01-31 22:01:20		Add a table rows "wp_revslider_sliders" in the database dump from 1 to 1000
2016-01-31 22:01:20		Add a table "wp_revslider_slides" in the database dump
2016-01-31 22:01:20		Add a table rows "wp_revslider_slides" in the database dump from 3 to 1000
2016-01-31 22:01:20		Add a table "wp_revslider_static_slides" in the database dump
2016-01-31 22:01:20		Add a table "wp_term_relationships" in the database dump
2016-01-31 22:01:21		Add a table rows "wp_term_relationships" in the database dump from 378 to 1000
2016-01-31 22:01:21		Add a table "wp_term_taxonomy" in the database dump
2016-01-31 22:01:21		Add a table rows "wp_term_taxonomy" in the database dump from 150 to 1000
2016-01-31 22:01:21		Add a table "wp_terms" in the database dump
2016-01-31 22:01:22		Add a table rows "wp_terms" in the database dump from 154 to 1000
2016-01-31 22:01:22		Add a table "wp_uam_accessgroup_to_object" in the database dump
2016-01-31 22:01:22		Add a table rows "wp_uam_accessgroup_to_object" in the database dump from 2 to 1000
2016-01-31 22:01:22		Add a table "wp_uam_accessgroups" in the database dump
2016-01-31 22:01:22		Add a table rows "wp_uam_accessgroups" in the database dump from 1 to 1000
2016-01-31 22:01:22		Add a table "wp_usermeta" in the database dump
2016-01-31 22:01:22		Add a table rows "wp_usermeta" in the database dump from 101 to 1000
2016-01-31 22:01:22		Add a table "wp_users" in the database dump
2016-01-31 22:01:22		Add a table rows "wp_users" in the database dump from 4 to 1000
2016-01-31 22:01:22		Add a table "wp_woocommerce_api_keys" in the database dump
2016-01-31 22:01:22		Add a table "wp_woocommerce_attribute_taxonomies" in the database dump
2016-01-31 22:01:22		Add a table "wp_woocommerce_downloadable_product_permissions" in the database dump
2016-01-31 22:01:22		Add a table "wp_woocommerce_order_itemmeta" in the database dump
2016-01-31 22:01:22		Add a table "wp_woocommerce_order_items" in the database dump
2016-01-31 22:01:22		Add a table "wp_woocommerce_tax_rate_locations" in the database dump
2016-01-31 22:01:22		Add a table "wp_woocommerce_tax_rates" in the database dump
2016-01-31 22:01:22		Add a table "wp_woocommerce_termmeta" in the database dump
2016-01-31 22:01:22		Add a table rows "wp_woocommerce_termmeta" in the database dump from 15 to 1000
2016-01-31 22:01:22		MySQL of Dump was finished
2016-01-31 22:01:22		Database Dump was successfully created ( 3.28 Mb) : /homepages/2/d37831571/htdocs/wordpress/wp-content/Dropbox_Backup/mysqldump.sql
2016-01-31 22:01:35		File /homepages/2/d37831571/htdocs/wordpress/wp-content/plugins/js_composer/assets/less/backend_shortcodes/vc_raw_js.less Size 0
2016-01-31 22:01:35		File /homepages/2/d37831571/htdocs/wordpress/wp-content/plugins/js_composer/assets/less/settings_tabs/product_license.less Size 0
2016-01-31 22:01:35		File /homepages/2/d37831571/htdocs/wordpress/wp-content/plugins/new-royalslider/lib/royalslider/templates-css/rs-gallery-template.css Size 0
2016-01-31 22:01:35		File /homepages/2/d37831571/htdocs/wordpress/wp-content/plugins/revslider/backup/index.php Size 0
2016-01-31 22:01:35		File /homepages/2/d37831571/htdocs/wordpress/wp-content/plugins/revslider/css/jui/new/images/index.php Size 0
2016-01-31 22:01:35		File /homepages/2/d37831571/htdocs/wordpress/wp-content/plugins/revslider/css/jui/new/index.php Size 0
2016-01-31 22:01:35		File /homepages/2/d37831571/htdocs/wordpress/wp-content/plugins/revslider/css/jui/old/images/index.php Size 0
2016-01-31 22:01:35		File /homepages/2/d37831571/htdocs/wordpress/wp-content/plugins/revslider/css/jui/old/index.php Size 0
2016-01-31 22:01:35		File /homepages/2/d37831571/htdocs/wordpress/wp-content/plugins/revslider/css/jui/index.php Size 0
2016-01-31 22:01:35		File /homepages/2/d37831571/htdocs/wordpress/wp-content/plugins/revslider/css/index.php Size 0
2016-01-31 22:01:35		File /homepages/2/d37831571/htdocs/wordpress/wp-content/plugins/revslider/images/dummy/index.php Size 0
2016-01-31 22:01:35		File /homepages/2/d37831571/htdocs/wordpress/wp-content/plugins/revslider/images/index.php Size 0
2016-01-31 22:01:35		File /homepages/2/d37831571/htdocs/wordpress/wp-content/plugins/revslider/inc_php/framework/index.php Size 0
2016-01-31 22:01:35		File /homepages/2/d37831571/htdocs/wordpress/wp-content/plugins/revslider/inc_php/index.php Size 0
2016-01-31 22:01:35		File /homepages/2/d37831571/htdocs/wordpress/wp-content/plugins/revslider/js/codemirror/util/index.php Size 0
2016-01-31 22:01:35		File /homepages/2/d37831571/htdocs/wordpress/wp-content/plugins/revslider/js/codemirror/index.php Size 0
2016-01-31 22:01:35		File /homepages/2/d37831571/htdocs/wordpress/wp-content/plugins/revslider/js/dropdownchecklist/index.php Size 0
2016-01-31 22:01:35		File /homepages/2/d37831571/htdocs/wordpress/wp-content/plugins/revslider/js/farbtastic/index.php Size 0
2016-01-31 22:01:35		File /homepages/2/d37831571/htdocs/wordpress/wp-content/plugins/revslider/js/index.php Size 0
2016-01-31 22:01:35		File /homepages/2/d37831571/htdocs/wordpress/wp-content/plugins/revslider/languages/index.php Size 0
2016-01-31 22:01:35		File /homepages/2/d37831571/htdocs/wordpress/wp-content/plugins/revslider/languages/temp/index.php Size 0
2016-01-31 22:01:35		File /homepages/2/d37831571/htdocs/wordpress/wp-content/plugins/revslider/index.php Size 0
2016-01-31 22:01:35		File /homepages/2/d37831571/htdocs/wordpress/wp-content/plugins/revslider/rs-plugin/assets/index.php Size 0
2016-01-31 22:01:35		File /homepages/2/d37831571/htdocs/wordpress/wp-content/plugins/revslider/rs-plugin/css/index.php Size 0
2016-01-31 22:01:35		File /homepages/2/d37831571/htdocs/wordpress/wp-content/plugins/revslider/rs-plugin/font/index.php Size 0
2016-01-31 22:01:35		File /homepages/2/d37831571/htdocs/wordpress/wp-content/plugins/revslider/rs-plugin/images/gradient/index.php Size 0
2016-01-31 22:01:35		File /homepages/2/d37831571/htdocs/wordpress/wp-content/plugins/revslider/rs-plugin/images/index.php Size 0
2016-01-31 22:01:35		File /homepages/2/d37831571/htdocs/wordpress/wp-content/plugins/revslider/rs-plugin/js/index.php Size 0
2016-01-31 22:01:35		File /homepages/2/d37831571/htdocs/wordpress/wp-content/plugins/revslider/rs-plugin/index.php Size 0
2016-01-31 22:01:35		File /homepages/2/d37831571/htdocs/wordpress/wp-content/plugins/revslider/settings/index.php Size 0
2016-01-31 22:01:35		File /homepages/2/d37831571/htdocs/wordpress/wp-content/plugins/revslider/temp/index.php Size 0
2016-01-31 22:01:35		File /homepages/2/d37831571/htdocs/wordpress/wp-content/plugins/revslider/views/index.php Size 0
2016-01-31 22:01:35		File /homepages/2/d37831571/htdocs/wordpress/wp-content/plugins/revslider/views/system/index.php Size 0
2016-01-31 22:01:35		File /homepages/2/d37831571/htdocs/wordpress/wp-content/plugins/revslider/views/templates/index.php Size 0
2016-01-31 22:01:35		File /homepages/2/d37831571/htdocs/wordpress/wp-content/plugins/jetpack/modules/site-icon/js/site-icon-admin.js Size 0
2016-01-31 22:01:35		File /homepages/2/d37831571/htdocs/wordpress/wp-content/themes/kinder/admin/export/theme-options.txt Size 0
2016-01-31 22:01:35		File /homepages/2/d37831571/htdocs/wordpress/wp-content/themes/kinder/admin/tools/importer/data/dummy_data.xml Size 2234381
2016-01-31 22:01:35		File /homepages/2/d37831571/htdocs/wordpress/wp-content/themes/kinder/admin/tools/importer/data/dummy_data_vc.xml Size 2276805
2016-01-31 22:01:35		File /homepages/2/d37831571/htdocs/wordpress/wp-content/themes/kinder/admin/tools/importer/importer.log Size 0
2016-01-31 22:01:35		File /homepages/2/d37831571/htdocs/wordpress/wp-content/themes/kinder/admin/tools/po_composer/data/temp.mo Size 0
2016-01-31 22:01:35		File /homepages/2/d37831571/htdocs/wordpress/wp-content/themes/kinder/admin/tools/po_composer/data/temp.po Size 0
2016-01-31 22:01:35		File /homepages/2/d37831571/htdocs/wordpress/wp-content/themes/kinder/css/bbpress-style.min.css Size 0
2016-01-31 22:01:35		File /homepages/2/d37831571/htdocs/wordpress/wp-content/themes/kinder/css/buddy-style.min.css Size 0
2016-01-31 22:01:35		File /homepages/2/d37831571/htdocs/wordpress/wp-content/themes/kinder/images/bg/image_2.jpg Size 1006872
2016-01-31 22:01:35		File /homepages/2/d37831571/htdocs/wordpress/wp-content/themes/kinder/images/bg/image_6.jpg Size 1357218
2016-01-31 22:01:35		File /homepages/2/d37831571/htdocs/wordpress/wp-content/themes/kinder/plugins/js_composer.zip Size 1980026
2016-01-31 22:01:35		File /homepages/2/d37831571/htdocs/wordpress/wp-content/themes/kinder/plugins/revslider.zip Size 1468416
2016-01-31 22:01:35		File /homepages/2/d37831571/htdocs/wordpress/wp-content/themes/kinder/plugins/the-events-calendar.zip Size 3042473
2016-01-31 22:01:35		File /homepages/2/d37831571/htdocs/wordpress/wp-content/uploads_old/2014 Size 0
2016-01-31 22:01:35		File /homepages/2/d37831571/htdocs/wordpress/wp-content/uploads_old/2015 Size 0
2016-01-31 22:01:35		File /homepages/2/d37831571/htdocs/wordpress/wp-content/uploads_old/js_composer Size 0
2016-01-31 22:01:35		File /homepages/2/d37831571/htdocs/wordpress/wp-content/uploads_old/wc-logs Size 0
2016-01-31 22:01:35		File /homepages/2/d37831571/htdocs/wordpress/wp-content/uploads_old/woocommerce_uploads Size 0
2016-01-31 22:01:35		File /homepages/2/d37831571/htdocs/wordpress/wp-content/uploads_old/.htaccess Size 0
2016-01-31 22:01:35		File /homepages/2/d37831571/htdocs/wordpress/wp-content/uploads_old/.htpasswd Size 0
2016-01-31 22:01:35		File /homepages/2/d37831571/htdocs/wordpress/wp-content/uploads/2015/03/esszimmer_v1.jpg Size 2299369
2016-01-31 22:01:35		File /homepages/2/d37831571/htdocs/wordpress/wp-content/uploads/2015/03/esszimmer_v2.jpg Size 2399992
2016-01-31 22:01:35		File /homepages/2/d37831571/htdocs/wordpress/wp-content/uploads/2015/03/Strubbelkinder-199.jpg Size 2331520
2016-01-31 22:01:35		File /homepages/2/d37831571/htdocs/wordpress/wp-content/uploads/2015/03/Strubbelkinder-211.jpg Size 2006238
2016-01-31 22:01:35		File /homepages/2/d37831571/htdocs/wordpress/wp-content/uploads/2015/03/turnen_v1.jpg Size 2903650
2016-01-31 22:01:35		File /homepages/2/d37831571/htdocs/wordpress/wp-content/uploads/2015/03/lernen.jpg Size 3088506
2016-01-31 22:01:35		File /homepages/2/d37831571/htdocs/wordpress/wp-content/uploads/2015/08/esszimmer_v1.jpg Size 2299369
2016-01-31 22:01:35		File /homepages/2/d37831571/htdocs/wordpress/wp-content/uploads/2015/08/esszimmer_v11.jpg Size 2299369
2016-01-31 22:01:35		File /homepages/2/d37831571/htdocs/wordpress/wp-content/uploads/2015/08/lernen.jpg Size 3088506
2016-01-31 22:01:35		File /homepages/2/d37831571/htdocs/wordpress/wp-content/uploads/2015/08/malen_v1.jpg Size 2294270
2016-01-31 22:01:35		File /homepages/2/d37831571/htdocs/wordpress/wp-content/uploads/2015/10/FSJ.jpeg Size 2934105
2016-01-31 22:01:35		File /homepages/2/d37831571/htdocs/wordpress/wp-content/uploads/2015/12/Sarah.jpeg Size 2121217
2016-01-31 22:01:35		File /homepages/2/d37831571/htdocs/wordpress/wp-content/uploads/2015/12/Marc.jpeg Size 1503180
2016-01-31 22:01:35		File /homepages/2/d37831571/htdocs/wordpress/wp-content/uploads/2015/12/henny.jpeg Size 1271586
2016-01-31 22:01:35		File /homepages/2/d37831571/htdocs/wordpress/wp-content/uploads/2015/12/Sarah1.jpeg Size 2121217
2016-01-31 22:01:35		File /homepages/2/d37831571/htdocs/wordpress/wp-content/uploads/2015/12/Sarah.jpg Size 1461643
2016-01-31 22:01:35		File /homepages/2/d37831571/htdocs/wordpress/wp-content/uploads/2014/07/Strubbelkinder-362.jpg Size 3180806
2016-01-31 22:01:35		File /homepages/2/d37831571/htdocs/wordpress/wp-content/uploads/db-backup/index.php Size 0
2016-01-31 22:01:35		File /homepages/2/d37831571/htdocs/wordpress/wp-content/Dropbox_Backup/mysqldump.sql Size 3442965
2016-01-31 22:01:35		List of Backup-Files was successfully created
2016-01-31 22:01:35		Backup of Files was started
2016-01-31 22:01:35		Create part strubbelkinder_de-full-2016_01_31_23_01-1.zip
2016-01-31 22:01:39		Create part strubbelkinder_de-full-2016_01_31_23_01-2.zip
2016-01-31 22:01:42		Create part strubbelkinder_de-full-2016_01_31_23_01-3.zip
2016-01-31 22:01:43		Create part strubbelkinder_de-full-2016_01_31_23_01-4.zip
2016-01-31 22:01:47		Create part strubbelkinder_de-full-2016_01_31_23_01-5.zip
2016-01-31 22:01:50		Create part strubbelkinder_de-full-2016_01_31_23_01-6.zip
2016-01-31 22:01:53		Create part strubbelkinder_de-full-2016_01_31_23_01-7.zip
2016-01-31 22:01:55		Create part strubbelkinder_de-full-2016_01_31_23_01-8.zip
2016-01-31 22:01:57		Create part strubbelkinder_de-full-2016_01_31_23_01-9.zip
2016-01-31 22:01:59		Create part strubbelkinder_de-full-2016_01_31_23_01-10.zip
2016-01-31 22:02:00		Create part strubbelkinder_de-full-2016_01_31_23_01-11.zip
2016-01-31 22:02:04		Create part strubbelkinder_de-full-2016_01_31_23_01-12.zip
2016-01-31 22:02:09		Create part strubbelkinder_de-full-2016_01_31_23_01-13.zip
2016-01-31 22:02:14		Create part strubbelkinder_de-full-2016_01_31_23_01-14.zip
2016-01-31 22:02:16		Create part strubbelkinder_de-full-2016_01_31_23_01-15.zip
2016-01-31 22:02:18		Create part strubbelkinder_de-full-2016_01_31_23_01-16.zip
2016-01-31 22:02:19		Create part strubbelkinder_de-full-2016_01_31_23_01-17.zip
2016-01-31 22:02:21		Create part strubbelkinder_de-full-2016_01_31_23_01-18.zip
2016-01-31 22:02:26		Create part strubbelkinder_de-full-2016_01_31_23_01-19.zip
2016-01-31 22:02:39		Create part strubbelkinder_de-full-2016_01_31_23_01-20.zip
2016-01-31 22:02:39		Create part strubbelkinder_de-full-2016_01_31_23_01-21.zip
2016-01-31 22:02:42		Create part strubbelkinder_de-full-2016_01_31_23_01-22.zip
2016-01-31 22:02:44		Create part strubbelkinder_de-full-2016_01_31_23_01-23.zip
2016-01-31 22:02:44		Create part strubbelkinder_de-full-2016_01_31_23_01-24.zip
2016-01-31 22:02:45		Create part strubbelkinder_de-full-2016_01_31_23_01-25.zip
2016-01-31 22:02:45		Create part strubbelkinder_de-full-2016_01_31_23_01-26.zip
2016-01-31 22:02:48		Create part strubbelkinder_de-full-2016_01_31_23_01-27.zip
2016-01-31 22:02:51		Create part strubbelkinder_de-full-2016_01_31_23_01-28.zip
2016-01-31 22:02:53		Create part strubbelkinder_de-full-2016_01_31_23_01-29.zip
2016-01-31 22:02:55		Create part strubbelkinder_de-full-2016_01_31_23_01-30.zip
2016-01-31 22:02:55		Create part strubbelkinder_de-full-2016_01_31_23_01-31.zip
2016-01-31 22:02:56		Create part strubbelkinder_de-full-2016_01_31_23_01-32.zip
2016-01-31 22:02:59		Create part strubbelkinder_de-full-2016_01_31_23_01-33.zip
2016-01-31 22:03:00		Create part strubbelkinder_de-full-2016_01_31_23_01-34.zip
2016-01-31 22:03:02		Create part strubbelkinder_de-full-2016_01_31_23_01-35.zip
2016-01-31 22:03:03		Create part strubbelkinder_de-full-2016_01_31_23_01-36.zip
2016-01-31 22:03:03		Create part strubbelkinder_de-full-2016_01_31_23_01-37.zip
2016-01-31 22:03:04		Create part strubbelkinder_de-full-2016_01_31_23_01-38.zip
2016-01-31 22:03:04		Create part strubbelkinder_de-full-2016_01_31_23_01-39.zip
2016-01-31 22:03:05		Create part strubbelkinder_de-full-2016_01_31_23_01-40.zip
2016-01-31 22:03:05		Create part strubbelkinder_de-full-2016_01_31_23_01-41.zip
2016-01-31 22:03:05		Create part strubbelkinder_de-full-2016_01_31_23_01-42.zip
2016-01-31 22:03:06		Create part strubbelkinder_de-full-2016_01_31_23_01-43.zip
2016-01-31 22:03:06		Create part strubbelkinder_de-full-2016_01_31_23_01-44.zip
2016-01-31 22:03:07		Create part strubbelkinder_de-full-2016_01_31_23_01-45.zip
2016-01-31 22:03:07		Create part strubbelkinder_de-full-2016_01_31_23_01-46.zip
2016-01-31 22:03:08		Create part strubbelkinder_de-full-2016_01_31_23_01-47.zip
2016-01-31 22:03:09		Create part strubbelkinder_de-full-2016_01_31_23_01-48.zip
2016-01-31 22:03:09		Create part strubbelkinder_de-full-2016_01_31_23_01-49.zip
2016-01-31 22:03:09		Create part strubbelkinder_de-full-2016_01_31_23_01-50.zip
2016-01-31 22:03:10		Create part strubbelkinder_de-full-2016_01_31_23_01-51.zip
2016-01-31 22:03:10		Create part strubbelkinder_de-full-2016_01_31_23_01-52.zip
2016-01-31 22:03:11		Create part strubbelkinder_de-full-2016_01_31_23_01-53.zip
2016-01-31 22:03:11		Create part strubbelkinder_de-full-2016_01_31_23_01-54.zip
2016-01-31 22:03:12		Create part strubbelkinder_de-full-2016_01_31_23_01-55.zip
2016-01-31 22:03:12		Create part strubbelkinder_de-full-2016_01_31_23_01-56.zip
2016-01-31 22:03:13		Create part strubbelkinder_de-full-2016_01_31_23_01-57.zip
2016-01-31 22:03:14		Create part strubbelkinder_de-full-2016_01_31_23_01-58.zip
2016-01-31 22:03:14		Create part strubbelkinder_de-full-2016_01_31_23_01-59.zip
2016-01-31 22:03:14		Create part strubbelkinder_de-full-2016_01_31_23_01-60.zip
2016-01-31 22:03:15		Create part strubbelkinder_de-full-2016_01_31_23_01-61.zip
2016-01-31 22:03:15		Create part strubbelkinder_de-full-2016_01_31_23_01-62.zip
2016-01-31 22:03:15		Create part strubbelkinder_de-full-2016_01_31_23_01-63.zip
2016-01-31 22:03:16		Create part strubbelkinder_de-full-2016_01_31_23_01-64.zip
2016-01-31 22:03:17		Create part strubbelkinder_de-full-2016_01_31_23_01-65.zip
2016-01-31 22:03:17		Create part strubbelkinder_de-full-2016_01_31_23_01-66.zip
2016-01-31 22:03:18		Create part strubbelkinder_de-full-2016_01_31_23_01-67.zip
2016-01-31 22:03:18		Create part strubbelkinder_de-full-2016_01_31_23_01-68.zip
2016-01-31 22:03:21		Create part strubbelkinder_de-full-2016_01_31_23_01-69.zip
2016-01-31 22:03:23		Create part strubbelkinder_de-full-2016_01_31_23_01-70.zip
2016-01-31 22:03:24		Create part strubbelkinder_de-full-2016_01_31_23_01-71.zip
2016-01-31 22:03:26		End of File Backup
2016-01-31 22:03:26		Backup Size 97.09 Mb
2016-01-31 22:03:26		Backup creation was complete successfully!
